{"D:\\Soft-develop-micro\\To-do-list-test\\src\\modules\\CRUD.js": {"path":"D:\\Soft-develop-micro\\To-do-list-test\\src\\modules\\CRUD.js","statementMap":{"0":{"start":{"line":3,"column":13},"end":{"line":3,"column":44}},"1":{"start":{"line":4,"column":18},"end":{"line":4,"column":55}},"2":{"start":{"line":5,"column":14},"end":{"line":5,"column":50}},"3":{"start":{"line":7,"column":0},"end":{"line":14,"column":1}},"4":{"start":{"line":8,"column":2},"end":{"line":13,"column":5}},"5":{"start":{"line":9,"column":4},"end":{"line":9,"column":23}},"6":{"start":{"line":10,"column":4},"end":{"line":10,"column":15}},"7":{"start":{"line":11,"column":4},"end":{"line":11,"column":19}},"8":{"start":{"line":12,"column":4},"end":{"line":12,"column":57}},"9":{"start":{"line":16,"column":0},"end":{"line":22,"column":1}},"10":{"start":{"line":17,"column":2},"end":{"line":21,"column":5}},"11":{"start":{"line":18,"column":4},"end":{"line":18,"column":15}},"12":{"start":{"line":19,"column":4},"end":{"line":19,"column":19}},"13":{"start":{"line":20,"column":4},"end":{"line":20,"column":57}},"14":{"start":{"line":25,"column":24},"end":{"line":38,"column":1}},"15":{"start":{"line":26,"column":2},"end":{"line":35,"column":3}},"16":{"start":{"line":27,"column":4},"end":{"line":27,"column":34}},"17":{"start":{"line":29,"column":18},"end":{"line":29,"column":34}},"18":{"start":{"line":30,"column":4},"end":{"line":34,"column":7}},"19":{"start":{"line":41,"column":0},"end":{"line":61,"column":1}},"20":{"start":{"line":42,"column":2},"end":{"line":60,"column":5}},"21":{"start":{"line":43,"column":23},"end":{"line":43,"column":24}},"22":{"start":{"line":44,"column":26},"end":{"line":44,"column":43}},"23":{"start":{"line":45,"column":4},"end":{"line":47,"column":5}},"24":{"start":{"line":46,"column":6},"end":{"line":46,"column":13}},"25":{"start":{"line":49,"column":17},"end":{"line":49,"column":30}},"26":{"start":{"line":50,"column":19},"end":{"line":50,"column":34}},"27":{"start":{"line":52,"column":20},"end":{"line":52,"column":41}},"28":{"start":{"line":53,"column":4},"end":{"line":59,"column":5}},"29":{"start":{"line":54,"column":6},"end":{"line":54,"column":23}},"30":{"start":{"line":55,"column":11},"end":{"line":59,"column":5}},"31":{"start":{"line":56,"column":6},"end":{"line":56,"column":25}},"32":{"start":{"line":57,"column":11},"end":{"line":59,"column":5}},"33":{"start":{"line":58,"column":6},"end":{"line":58,"column":24}},"34":{"start":{"line":63,"column":24},"end":{"line":86,"column":1}},"35":{"start":{"line":64,"column":20},"end":{"line":64,"column":51}},"36":{"start":{"line":65,"column":2},"end":{"line":67,"column":3}},"37":{"start":{"line":66,"column":4},"end":{"line":66,"column":11}},"38":{"start":{"line":68,"column":26},"end":{"line":68,"column":63}},"39":{"start":{"line":69,"column":19},"end":{"line":69,"column":51}},"40":{"start":{"line":70,"column":21},"end":{"line":70,"column":55}},"41":{"start":{"line":71,"column":2},"end":{"line":71,"column":41}},"42":{"start":{"line":72,"column":2},"end":{"line":72,"column":26}},"43":{"start":{"line":73,"column":2},"end":{"line":73,"column":33}},"44":{"start":{"line":74,"column":2},"end":{"line":74,"column":35}},"45":{"start":{"line":75,"column":2},"end":{"line":85,"column":5}},"46":{"start":{"line":76,"column":4},"end":{"line":84,"column":5}},"47":{"start":{"line":77,"column":6},"end":{"line":77,"column":25}},"48":{"start":{"line":78,"column":6},"end":{"line":78,"column":56}},"49":{"start":{"line":79,"column":6},"end":{"line":79,"column":21}},"50":{"start":{"line":80,"column":6},"end":{"line":80,"column":59}},"51":{"start":{"line":81,"column":6},"end":{"line":81,"column":46}},"52":{"start":{"line":82,"column":6},"end":{"line":82,"column":40}},"53":{"start":{"line":83,"column":6},"end":{"line":83,"column":42}},"54":{"start":{"line":88,"column":26},"end":{"line":99,"column":1}},"55":{"start":{"line":89,"column":2},"end":{"line":89,"column":30}},"56":{"start":{"line":90,"column":22},"end":{"line":90,"column":53}},"57":{"start":{"line":91,"column":2},"end":{"line":93,"column":3}},"58":{"start":{"line":92,"column":4},"end":{"line":92,"column":52}},"59":{"start":{"line":94,"column":2},"end":{"line":96,"column":3}},"60":{"start":{"line":94,"column":15},"end":{"line":94,"column":16}},"61":{"start":{"line":95,"column":4},"end":{"line":95,"column":27}},"62":{"start":{"line":97,"column":2},"end":{"line":97,"column":17}},"63":{"start":{"line":98,"column":2},"end":{"line":98,"column":55}},"64":{"start":{"line":102,"column":2},"end":{"line":106,"column":5}},"65":{"start":{"line":103,"column":4},"end":{"line":105,"column":5}},"66":{"start":{"line":104,"column":6},"end":{"line":104,"column":39}},"67":{"start":{"line":107,"column":2},"end":{"line":107,"column":17}},"68":{"start":{"line":108,"column":2},"end":{"line":108,"column":55}},"69":{"start":{"line":111,"column":24},"end":{"line":111,"column":60}},"70":{"start":{"line":112,"column":0},"end":{"line":123,"column":1}},"71":{"start":{"line":113,"column":2},"end":{"line":122,"column":5}},"72":{"start":{"line":114,"column":28},"end":{"line":114,"column":67}},"73":{"start":{"line":114,"column":51},"end":{"line":114,"column":66}},"74":{"start":{"line":115,"column":4},"end":{"line":115,"column":21}},"75":{"start":{"line":116,"column":4},"end":{"line":116,"column":35}},"76":{"start":{"line":117,"column":4},"end":{"line":119,"column":5}},"77":{"start":{"line":117,"column":17},"end":{"line":117,"column":18}},"78":{"start":{"line":118,"column":6},"end":{"line":118,"column":29}},"79":{"start":{"line":120,"column":4},"end":{"line":120,"column":19}},"80":{"start":{"line":121,"column":4},"end":{"line":121,"column":57}}},"fnMap":{"0":{"name":"(anonymous_0)","decl":{"start":{"line":8,"column":34},"end":{"line":8,"column":35}},"loc":{"start":{"line":8,"column":41},"end":{"line":13,"column":3}},"line":8},"1":{"name":"(anonymous_1)","decl":{"start":{"line":17,"column":34},"end":{"line":17,"column":35}},"loc":{"start":{"line":17,"column":40},"end":{"line":21,"column":3}},"line":17},"2":{"name":"(anonymous_2)","decl":{"start":{"line":25,"column":24},"end":{"line":25,"column":25}},"loc":{"start":{"line":25,"column":75},"end":{"line":38,"column":1}},"line":25},"3":{"name":"(anonymous_3)","decl":{"start":{"line":42,"column":42},"end":{"line":42,"column":43}},"loc":{"start":{"line":42,"column":49},"end":{"line":60,"column":3}},"line":42},"4":{"name":"(anonymous_4)","decl":{"start":{"line":63,"column":24},"end":{"line":63,"column":25}},"loc":{"start":{"line":63,"column":36},"end":{"line":86,"column":1}},"line":63},"5":{"name":"(anonymous_5)","decl":{"start":{"line":75,"column":46},"end":{"line":75,"column":47}},"loc":{"start":{"line":75,"column":53},"end":{"line":85,"column":3}},"line":75},"6":{"name":"(anonymous_6)","decl":{"start":{"line":88,"column":26},"end":{"line":88,"column":27}},"loc":{"start":{"line":88,"column":38},"end":{"line":99,"column":1}},"line":88},"7":{"name":"checkTodo","decl":{"start":{"line":101,"column":16},"end":{"line":101,"column":25}},"loc":{"start":{"line":101,"column":34},"end":{"line":109,"column":1}},"line":101},"8":{"name":"(anonymous_8)","decl":{"start":{"line":102,"column":16},"end":{"line":102,"column":17}},"loc":{"start":{"line":102,"column":33},"end":{"line":106,"column":3}},"line":102},"9":{"name":"(anonymous_9)","decl":{"start":{"line":113,"column":37},"end":{"line":113,"column":38}},"loc":{"start":{"line":113,"column":43},"end":{"line":122,"column":3}},"line":113},"10":{"name":"(anonymous_10)","decl":{"start":{"line":114,"column":41},"end":{"line":114,"column":42}},"loc":{"start":{"line":114,"column":51},"end":{"line":114,"column":66}},"line":114}},"branchMap":{"0":{"loc":{"start":{"line":7,"column":0},"end":{"line":14,"column":1}},"type":"if","locations":[{"start":{"line":7,"column":0},"end":{"line":14,"column":1}},{"start":{},"end":{}}],"line":7},"1":{"loc":{"start":{"line":16,"column":0},"end":{"line":22,"column":1}},"type":"if","locations":[{"start":{"line":16,"column":0},"end":{"line":22,"column":1}},{"start":{},"end":{}}],"line":16},"2":{"loc":{"start":{"line":25,"column":25},"end":{"line":25,"column":41}},"type":"default-arg","locations":[{"start":{"line":25,"column":37},"end":{"line":25,"column":41}}],"line":25},"3":{"loc":{"start":{"line":25,"column":43},"end":{"line":25,"column":70}},"type":"default-arg","locations":[{"start":{"line":25,"column":55},"end":{"line":25,"column":70}}],"line":25},"4":{"loc":{"start":{"line":26,"column":2},"end":{"line":35,"column":3}},"type":"if","locations":[{"start":{"line":26,"column":2},"end":{"line":35,"column":3}},{"start":{"line":28,"column":9},"end":{"line":35,"column":3}}],"line":26},"5":{"loc":{"start":{"line":41,"column":0},"end":{"line":61,"column":1}},"type":"if","locations":[{"start":{"line":41,"column":0},"end":{"line":61,"column":1}},{"start":{},"end":{}}],"line":41},"6":{"loc":{"start":{"line":45,"column":4},"end":{"line":47,"column":5}},"type":"if","locations":[{"start":{"line":45,"column":4},"end":{"line":47,"column":5}},{"start":{},"end":{}}],"line":45},"7":{"loc":{"start":{"line":53,"column":4},"end":{"line":59,"column":5}},"type":"if","locations":[{"start":{"line":53,"column":4},"end":{"line":59,"column":5}},{"start":{"line":55,"column":11},"end":{"line":59,"column":5}}],"line":53},"8":{"loc":{"start":{"line":55,"column":11},"end":{"line":59,"column":5}},"type":"if","locations":[{"start":{"line":55,"column":11},"end":{"line":59,"column":5}},{"start":{"line":57,"column":11},"end":{"line":59,"column":5}}],"line":55},"9":{"loc":{"start":{"line":57,"column":11},"end":{"line":59,"column":5}},"type":"if","locations":[{"start":{"line":57,"column":11},"end":{"line":59,"column":5}},{"start":{},"end":{}}],"line":57},"10":{"loc":{"start":{"line":65,"column":2},"end":{"line":67,"column":3}},"type":"if","locations":[{"start":{"line":65,"column":2},"end":{"line":67,"column":3}},{"start":{},"end":{}}],"line":65},"11":{"loc":{"start":{"line":76,"column":4},"end":{"line":84,"column":5}},"type":"if","locations":[{"start":{"line":76,"column":4},"end":{"line":84,"column":5}},{"start":{},"end":{}}],"line":76},"12":{"loc":{"start":{"line":91,"column":2},"end":{"line":93,"column":3}},"type":"if","locations":[{"start":{"line":91,"column":2},"end":{"line":93,"column":3}},{"start":{},"end":{}}],"line":91},"13":{"loc":{"start":{"line":103,"column":4},"end":{"line":105,"column":5}},"type":"if","locations":[{"start":{"line":103,"column":4},"end":{"line":105,"column":5}},{"start":{},"end":{}}],"line":103},"14":{"loc":{"start":{"line":112,"column":0},"end":{"line":123,"column":1}},"type":"if","locations":[{"start":{"line":112,"column":0},"end":{"line":123,"column":1}},{"start":{},"end":{}}],"line":112}},"s":{"0":2,"1":2,"2":2,"3":2,"4":0,"5":0,"6":0,"7":0,"8":0,"9":2,"10":0,"11":0,"12":0,"13":0,"14":2,"15":3,"16":2,"17":1,"18":1,"19":2,"20":0,"21":0,"22":0,"23":0,"24":0,"25":0,"26":0,"27":0,"28":0,"29":0,"30":0,"31":0,"32":0,"33":0,"34":2,"35":2,"36":2,"37":0,"38":2,"39":2,"40":2,"41":2,"42":2,"43":2,"44":2,"45":2,"46":1,"47":1,"48":1,"49":1,"50":1,"51":1,"52":1,"53":1,"54":2,"55":1,"56":1,"57":1,"58":1,"59":1,"60":1,"61":3,"62":1,"63":1,"64":2,"65":4,"66":2,"67":2,"68":2,"69":2,"70":2,"71":0,"72":0,"73":0,"74":0,"75":0,"76":0,"77":0,"78":0,"79":0,"80":0},"f":{"0":0,"1":0,"2":3,"3":0,"4":2,"5":1,"6":1,"7":2,"8":4,"9":0,"10":0},"b":{"0":[0,2],"1":[0,2],"2":[0],"3":[0],"4":[2,1],"5":[0,2],"6":[0,0],"7":[0,0],"8":[0,0],"9":[0,0],"10":[0,2],"11":[1,0],"12":[1,0],"13":[2,2],"14":[0,2]},"_coverageSchema":"1a1c01bbd47fc00a2c39e90264f33305004495a9","hash":"eeb7204d9c3f98ebd1d85969ff102867015f1909"}
,"D:\\Soft-develop-micro\\To-do-list-test\\src\\modules\\display.js": {"path":"D:\\Soft-develop-micro\\To-do-list-test\\src\\modules\\display.js","statementMap":{"0":{"start":{"line":1,"column":29},"end":{"line":1,"column":68}},"1":{"start":{"line":2,"column":21},"end":{"line":2,"column":68}},"2":{"start":{"line":3,"column":28},"end":{"line":18,"column":1}},"3":{"start":{"line":4,"column":2},"end":{"line":17,"column":5}},"4":{"start":{"line":5,"column":4},"end":{"line":5,"column":44}},"5":{"start":{"line":5,"column":25},"end":{"line":5,"column":42}},"6":{"start":{"line":6,"column":4},"end":{"line":16,"column":5}},"7":{"start":{"line":7,"column":6},"end":{"line":15,"column":12}},"8":{"start":{"line":20,"column":0},"end":{"line":20,"column":15}}},"fnMap":{"0":{"name":"(anonymous_0)","decl":{"start":{"line":3,"column":28},"end":{"line":3,"column":29}},"loc":{"start":{"line":3,"column":34},"end":{"line":18,"column":1}},"line":3},"1":{"name":"(anonymous_1)","decl":{"start":{"line":4,"column":16},"end":{"line":4,"column":17}},"loc":{"start":{"line":4,"column":26},"end":{"line":17,"column":3}},"line":4},"2":{"name":"(anonymous_2)","decl":{"start":{"line":5,"column":15},"end":{"line":5,"column":16}},"loc":{"start":{"line":5,"column":25},"end":{"line":5,"column":42}},"line":5}},"branchMap":{"0":{"loc":{"start":{"line":2,"column":21},"end":{"line":2,"column":68}},"type":"binary-expr","locations":[{"start":{"line":2,"column":21},"end":{"line":2,"column":62}},{"start":{"line":2,"column":66},"end":{"line":2,"column":68}}],"line":2},"1":{"loc":{"start":{"line":6,"column":4},"end":{"line":16,"column":5}},"type":"if","locations":[{"start":{"line":6,"column":4},"end":{"line":16,"column":5}},{"start":{},"end":{}}],"line":6},"2":{"loc":{"start":{"line":9,"column":51},"end":{"line":9,"column":82}},"type":"cond-expr","locations":[{"start":{"line":9,"column":68},"end":{"line":9,"column":77}},{"start":{"line":9,"column":80},"end":{"line":9,"column":82}}],"line":9}},"s":{"0":2,"1":2,"2":2,"3":6,"4":7,"5":10,"6":7,"7":0,"8":2},"f":{"0":6,"1":7,"2":10},"b":{"0":[2,2],"1":[0,7],"2":[0,0]},"_coverageSchema":"1a1c01bbd47fc00a2c39e90264f33305004495a9","hash":"f4be58eff9a8cd93c3575c4b5165df4286a581a5"}
}
