{"D:\\Soft-develop-micro\\To-do-list-test\\src\\modules\\CRUD.js": {"path":"D:\\Soft-develop-micro\\To-do-list-test\\src\\modules\\CRUD.js","statementMap":{"0":{"start":{"line":3,"column":13},"end":{"line":3,"column":44}},"1":{"start":{"line":4,"column":18},"end":{"line":4,"column":55}},"2":{"start":{"line":5,"column":14},"end":{"line":5,"column":50}},"3":{"start":{"line":7,"column":0},"end":{"line":14,"column":1}},"4":{"start":{"line":8,"column":2},"end":{"line":13,"column":5}},"5":{"start":{"line":9,"column":4},"end":{"line":9,"column":23}},"6":{"start":{"line":10,"column":4},"end":{"line":10,"column":15}},"7":{"start":{"line":11,"column":4},"end":{"line":11,"column":19}},"8":{"start":{"line":12,"column":4},"end":{"line":12,"column":57}},"9":{"start":{"line":16,"column":0},"end":{"line":22,"column":1}},"10":{"start":{"line":17,"column":2},"end":{"line":21,"column":5}},"11":{"start":{"line":18,"column":4},"end":{"line":18,"column":15}},"12":{"start":{"line":19,"column":4},"end":{"line":19,"column":19}},"13":{"start":{"line":20,"column":4},"end":{"line":20,"column":57}},"14":{"start":{"line":26,"column":24},"end":{"line":39,"column":1}},"15":{"start":{"line":27,"column":2},"end":{"line":36,"column":3}},"16":{"start":{"line":28,"column":4},"end":{"line":28,"column":45}},"17":{"start":{"line":30,"column":18},"end":{"line":30,"column":34}},"18":{"start":{"line":31,"column":4},"end":{"line":35,"column":7}},"19":{"start":{"line":42,"column":0},"end":{"line":62,"column":1}},"20":{"start":{"line":43,"column":2},"end":{"line":61,"column":5}},"21":{"start":{"line":44,"column":23},"end":{"line":44,"column":24}},"22":{"start":{"line":45,"column":26},"end":{"line":45,"column":43}},"23":{"start":{"line":46,"column":4},"end":{"line":48,"column":5}},"24":{"start":{"line":47,"column":6},"end":{"line":47,"column":13}},"25":{"start":{"line":50,"column":17},"end":{"line":50,"column":30}},"26":{"start":{"line":51,"column":19},"end":{"line":51,"column":34}},"27":{"start":{"line":53,"column":20},"end":{"line":53,"column":41}},"28":{"start":{"line":54,"column":4},"end":{"line":60,"column":5}},"29":{"start":{"line":55,"column":6},"end":{"line":55,"column":23}},"30":{"start":{"line":56,"column":11},"end":{"line":60,"column":5}},"31":{"start":{"line":57,"column":6},"end":{"line":57,"column":25}},"32":{"start":{"line":58,"column":11},"end":{"line":60,"column":5}},"33":{"start":{"line":59,"column":6},"end":{"line":59,"column":24}},"34":{"start":{"line":64,"column":17},"end":{"line":84,"column":1}},"35":{"start":{"line":65,"column":20},"end":{"line":65,"column":51}},"36":{"start":{"line":66,"column":26},"end":{"line":66,"column":63}},"37":{"start":{"line":67,"column":19},"end":{"line":67,"column":51}},"38":{"start":{"line":68,"column":21},"end":{"line":68,"column":55}},"39":{"start":{"line":69,"column":2},"end":{"line":69,"column":41}},"40":{"start":{"line":70,"column":2},"end":{"line":70,"column":26}},"41":{"start":{"line":71,"column":2},"end":{"line":71,"column":33}},"42":{"start":{"line":72,"column":2},"end":{"line":72,"column":35}},"43":{"start":{"line":73,"column":2},"end":{"line":83,"column":5}},"44":{"start":{"line":74,"column":4},"end":{"line":82,"column":5}},"45":{"start":{"line":75,"column":6},"end":{"line":75,"column":25}},"46":{"start":{"line":76,"column":6},"end":{"line":76,"column":56}},"47":{"start":{"line":77,"column":6},"end":{"line":77,"column":21}},"48":{"start":{"line":78,"column":6},"end":{"line":78,"column":59}},"49":{"start":{"line":79,"column":6},"end":{"line":79,"column":46}},"50":{"start":{"line":80,"column":6},"end":{"line":80,"column":40}},"51":{"start":{"line":81,"column":6},"end":{"line":81,"column":42}},"52":{"start":{"line":86,"column":26},"end":{"line":97,"column":1}},"53":{"start":{"line":87,"column":2},"end":{"line":87,"column":30}},"54":{"start":{"line":88,"column":22},"end":{"line":88,"column":53}},"55":{"start":{"line":89,"column":2},"end":{"line":91,"column":3}},"56":{"start":{"line":90,"column":4},"end":{"line":90,"column":52}},"57":{"start":{"line":92,"column":2},"end":{"line":94,"column":3}},"58":{"start":{"line":92,"column":15},"end":{"line":92,"column":16}},"59":{"start":{"line":93,"column":4},"end":{"line":93,"column":27}},"60":{"start":{"line":95,"column":2},"end":{"line":95,"column":17}},"61":{"start":{"line":96,"column":2},"end":{"line":96,"column":55}},"62":{"start":{"line":100,"column":2},"end":{"line":104,"column":5}},"63":{"start":{"line":101,"column":4},"end":{"line":103,"column":5}},"64":{"start":{"line":102,"column":6},"end":{"line":102,"column":39}},"65":{"start":{"line":105,"column":2},"end":{"line":105,"column":17}},"66":{"start":{"line":106,"column":2},"end":{"line":106,"column":55}},"67":{"start":{"line":109,"column":17},"end":{"line":109,"column":53}},"68":{"start":{"line":110,"column":0},"end":{"line":121,"column":1}},"69":{"start":{"line":111,"column":2},"end":{"line":120,"column":5}},"70":{"start":{"line":112,"column":28},"end":{"line":112,"column":67}},"71":{"start":{"line":112,"column":51},"end":{"line":112,"column":66}},"72":{"start":{"line":113,"column":4},"end":{"line":113,"column":21}},"73":{"start":{"line":114,"column":4},"end":{"line":114,"column":35}},"74":{"start":{"line":115,"column":4},"end":{"line":117,"column":5}},"75":{"start":{"line":115,"column":17},"end":{"line":115,"column":18}},"76":{"start":{"line":116,"column":6},"end":{"line":116,"column":29}},"77":{"start":{"line":118,"column":4},"end":{"line":118,"column":19}},"78":{"start":{"line":119,"column":4},"end":{"line":119,"column":57}}},"fnMap":{"0":{"name":"(anonymous_0)","decl":{"start":{"line":8,"column":34},"end":{"line":8,"column":35}},"loc":{"start":{"line":8,"column":41},"end":{"line":13,"column":3}},"line":8},"1":{"name":"(anonymous_1)","decl":{"start":{"line":17,"column":34},"end":{"line":17,"column":35}},"loc":{"start":{"line":17,"column":40},"end":{"line":21,"column":3}},"line":17},"2":{"name":"(anonymous_2)","decl":{"start":{"line":26,"column":24},"end":{"line":26,"column":25}},"loc":{"start":{"line":26,"column":75},"end":{"line":39,"column":1}},"line":26},"3":{"name":"(anonymous_3)","decl":{"start":{"line":43,"column":42},"end":{"line":43,"column":43}},"loc":{"start":{"line":43,"column":49},"end":{"line":61,"column":3}},"line":43},"4":{"name":"(anonymous_4)","decl":{"start":{"line":64,"column":17},"end":{"line":64,"column":18}},"loc":{"start":{"line":64,"column":29},"end":{"line":84,"column":1}},"line":64},"5":{"name":"(anonymous_5)","decl":{"start":{"line":73,"column":46},"end":{"line":73,"column":47}},"loc":{"start":{"line":73,"column":53},"end":{"line":83,"column":3}},"line":73},"6":{"name":"(anonymous_6)","decl":{"start":{"line":86,"column":26},"end":{"line":86,"column":27}},"loc":{"start":{"line":86,"column":38},"end":{"line":97,"column":1}},"line":86},"7":{"name":"checkTodo","decl":{"start":{"line":99,"column":9},"end":{"line":99,"column":18}},"loc":{"start":{"line":99,"column":27},"end":{"line":107,"column":1}},"line":99},"8":{"name":"(anonymous_8)","decl":{"start":{"line":100,"column":16},"end":{"line":100,"column":17}},"loc":{"start":{"line":100,"column":33},"end":{"line":104,"column":3}},"line":100},"9":{"name":"(anonymous_9)","decl":{"start":{"line":111,"column":37},"end":{"line":111,"column":38}},"loc":{"start":{"line":111,"column":43},"end":{"line":120,"column":3}},"line":111},"10":{"name":"(anonymous_10)","decl":{"start":{"line":112,"column":41},"end":{"line":112,"column":42}},"loc":{"start":{"line":112,"column":51},"end":{"line":112,"column":66}},"line":112}},"branchMap":{"0":{"loc":{"start":{"line":7,"column":0},"end":{"line":14,"column":1}},"type":"if","locations":[{"start":{"line":7,"column":0},"end":{"line":14,"column":1}},{"start":{},"end":{}}],"line":7},"1":{"loc":{"start":{"line":16,"column":0},"end":{"line":22,"column":1}},"type":"if","locations":[{"start":{"line":16,"column":0},"end":{"line":22,"column":1}},{"start":{},"end":{}}],"line":16},"2":{"loc":{"start":{"line":26,"column":25},"end":{"line":26,"column":41}},"type":"default-arg","locations":[{"start":{"line":26,"column":37},"end":{"line":26,"column":41}}],"line":26},"3":{"loc":{"start":{"line":26,"column":43},"end":{"line":26,"column":70}},"type":"default-arg","locations":[{"start":{"line":26,"column":55},"end":{"line":26,"column":70}}],"line":26},"4":{"loc":{"start":{"line":27,"column":2},"end":{"line":36,"column":3}},"type":"if","locations":[{"start":{"line":27,"column":2},"end":{"line":36,"column":3}},{"start":{"line":29,"column":9},"end":{"line":36,"column":3}}],"line":27},"5":{"loc":{"start":{"line":42,"column":0},"end":{"line":62,"column":1}},"type":"if","locations":[{"start":{"line":42,"column":0},"end":{"line":62,"column":1}},{"start":{},"end":{}}],"line":42},"6":{"loc":{"start":{"line":46,"column":4},"end":{"line":48,"column":5}},"type":"if","locations":[{"start":{"line":46,"column":4},"end":{"line":48,"column":5}},{"start":{},"end":{}}],"line":46},"7":{"loc":{"start":{"line":54,"column":4},"end":{"line":60,"column":5}},"type":"if","locations":[{"start":{"line":54,"column":4},"end":{"line":60,"column":5}},{"start":{"line":56,"column":11},"end":{"line":60,"column":5}}],"line":54},"8":{"loc":{"start":{"line":56,"column":11},"end":{"line":60,"column":5}},"type":"if","locations":[{"start":{"line":56,"column":11},"end":{"line":60,"column":5}},{"start":{"line":58,"column":11},"end":{"line":60,"column":5}}],"line":56},"9":{"loc":{"start":{"line":58,"column":11},"end":{"line":60,"column":5}},"type":"if","locations":[{"start":{"line":58,"column":11},"end":{"line":60,"column":5}},{"start":{},"end":{}}],"line":58},"10":{"loc":{"start":{"line":74,"column":4},"end":{"line":82,"column":5}},"type":"if","locations":[{"start":{"line":74,"column":4},"end":{"line":82,"column":5}},{"start":{},"end":{}}],"line":74},"11":{"loc":{"start":{"line":89,"column":2},"end":{"line":91,"column":3}},"type":"if","locations":[{"start":{"line":89,"column":2},"end":{"line":91,"column":3}},{"start":{},"end":{}}],"line":89},"12":{"loc":{"start":{"line":101,"column":4},"end":{"line":103,"column":5}},"type":"if","locations":[{"start":{"line":101,"column":4},"end":{"line":103,"column":5}},{"start":{},"end":{}}],"line":101},"13":{"loc":{"start":{"line":110,"column":0},"end":{"line":121,"column":1}},"type":"if","locations":[{"start":{"line":110,"column":0},"end":{"line":121,"column":1}},{"start":{},"end":{}}],"line":110}},"s":{"0":1,"1":1,"2":1,"3":1,"4":0,"5":0,"6":0,"7":0,"8":0,"9":1,"10":0,"11":0,"12":0,"13":0,"14":1,"15":2,"16":1,"17":1,"18":1,"19":1,"20":0,"21":0,"22":0,"23":0,"24":0,"25":0,"26":0,"27":0,"28":0,"29":0,"30":0,"31":0,"32":0,"33":0,"34":1,"35":0,"36":0,"37":0,"38":0,"39":0,"40":0,"41":0,"42":0,"43":0,"44":0,"45":0,"46":0,"47":0,"48":0,"49":0,"50":0,"51":0,"52":1,"53":2,"54":2,"55":2,"56":0,"57":2,"58":2,"59":0,"60":2,"61":2,"62":0,"63":0,"64":0,"65":0,"66":0,"67":1,"68":1,"69":0,"70":0,"71":0,"72":0,"73":0,"74":0,"75":0,"76":0,"77":0,"78":0},"f":{"0":0,"1":0,"2":2,"3":0,"4":0,"5":0,"6":2,"7":0,"8":0,"9":0,"10":0},"b":{"0":[0,1],"1":[0,1],"2":[0],"3":[0],"4":[1,1],"5":[0,1],"6":[0,0],"7":[0,0],"8":[0,0],"9":[0,0],"10":[0,0],"11":[0,2],"12":[0,0],"13":[0,1]},"_coverageSchema":"1a1c01bbd47fc00a2c39e90264f33305004495a9","hash":"75289323de558b5f006e2e45f88c9dd6c511413c"}
,"D:\\Soft-develop-micro\\To-do-list-test\\src\\modules\\display.js": {"path":"D:\\Soft-develop-micro\\To-do-list-test\\src\\modules\\display.js","statementMap":{"0":{"start":{"line":1,"column":29},"end":{"line":1,"column":68}},"1":{"start":{"line":2,"column":21},"end":{"line":2,"column":68}},"2":{"start":{"line":3,"column":28},"end":{"line":17,"column":1}},"3":{"start":{"line":5,"column":2},"end":{"line":16,"column":5}},"4":{"start":{"line":6,"column":4},"end":{"line":6,"column":44}},"5":{"start":{"line":6,"column":25},"end":{"line":6,"column":42}},"6":{"start":{"line":7,"column":4},"end":{"line":15,"column":12}},"7":{"start":{"line":19,"column":0},"end":{"line":19,"column":15}}},"fnMap":{"0":{"name":"(anonymous_0)","decl":{"start":{"line":3,"column":28},"end":{"line":3,"column":29}},"loc":{"start":{"line":3,"column":34},"end":{"line":17,"column":1}},"line":3},"1":{"name":"(anonymous_1)","decl":{"start":{"line":5,"column":16},"end":{"line":5,"column":17}},"loc":{"start":{"line":5,"column":26},"end":{"line":16,"column":3}},"line":5},"2":{"name":"(anonymous_2)","decl":{"start":{"line":6,"column":15},"end":{"line":6,"column":16}},"loc":{"start":{"line":6,"column":25},"end":{"line":6,"column":42}},"line":6}},"branchMap":{"0":{"loc":{"start":{"line":2,"column":21},"end":{"line":2,"column":68}},"type":"binary-expr","locations":[{"start":{"line":2,"column":21},"end":{"line":2,"column":62}},{"start":{"line":2,"column":66},"end":{"line":2,"column":68}}],"line":2},"1":{"loc":{"start":{"line":9,"column":51},"end":{"line":9,"column":82}},"type":"cond-expr","locations":[{"start":{"line":9,"column":68},"end":{"line":9,"column":77}},{"start":{"line":9,"column":80},"end":{"line":9,"column":82}}],"line":9}},"s":{"0":1,"1":1,"2":1,"3":3,"4":0,"5":0,"6":0,"7":1},"f":{"0":3,"1":0,"2":0},"b":{"0":[1,1],"1":[0,0]},"_coverageSchema":"1a1c01bbd47fc00a2c39e90264f33305004495a9","hash":"4b39811899985936f14c8e97795ecba842dad312"}
}
