TN:
SF:src\modules\CRUD.js
FN:8,(anonymous_0)
FN:17,(anonymous_1)
FN:25,(anonymous_2)
FN:42,(anonymous_3)
FN:63,(anonymous_4)
FN:73,(anonymous_5)
FN:87,(anonymous_6)
FN:100,checkTodo
FN:101,(anonymous_8)
FN:112,(anonymous_9)
FN:113,(anonymous_10)
FNF:11
FNH:4
FNDA:0,(anonymous_0)
FNDA:0,(anonymous_1)
FNDA:3,(anonymous_2)
FNDA:0,(anonymous_3)
FNDA:1,(anonymous_4)
FNDA:0,(anonymous_5)
FNDA:1,(anonymous_6)
FNDA:1,checkTodo
FNDA:0,(anonymous_8)
FNDA:0,(anonymous_9)
FNDA:0,(anonymous_10)
DA:3,2
DA:4,2
DA:5,2
DA:7,2
DA:8,0
DA:9,0
DA:10,0
DA:11,0
DA:12,0
DA:16,2
DA:17,0
DA:18,0
DA:19,0
DA:20,0
DA:25,2
DA:26,3
DA:27,2
DA:29,1
DA:30,1
DA:41,2
DA:42,0
DA:43,0
DA:44,0
DA:45,0
DA:46,0
DA:49,0
DA:50,0
DA:52,0
DA:53,0
DA:54,0
DA:55,0
DA:56,0
DA:57,0
DA:58,0
DA:63,2
DA:64,1
DA:65,1
DA:66,0
DA:67,0
DA:68,0
DA:69,0
DA:70,0
DA:71,0
DA:72,0
DA:73,0
DA:74,0
DA:75,0
DA:76,0
DA:77,0
DA:78,0
DA:79,0
DA:80,0
DA:81,0
DA:87,2
DA:88,1
DA:89,1
DA:90,1
DA:91,1
DA:93,1
DA:94,3
DA:96,1
DA:97,1
DA:101,1
DA:102,0
DA:103,0
DA:106,1
DA:107,1
DA:110,2
DA:111,2
DA:112,0
DA:113,0
DA:114,0
DA:115,0
DA:116,0
DA:117,0
DA:119,0
DA:120,0
LF:77
LH:28
BRDA:7,0,0,0
BRDA:7,0,1,2
BRDA:16,1,0,0
BRDA:16,1,1,2
BRDA:25,2,0,0
BRDA:25,3,0,0
BRDA:26,4,0,2
BRDA:26,4,1,1
BRDA:41,5,0,0
BRDA:41,5,1,2
BRDA:45,6,0,0
BRDA:45,6,1,0
BRDA:53,7,0,0
BRDA:53,7,1,0
BRDA:55,8,0,0
BRDA:55,8,1,0
BRDA:57,9,0,0
BRDA:57,9,1,0
BRDA:65,10,0,0
BRDA:65,10,1,1
BRDA:74,11,0,0
BRDA:74,11,1,0
BRDA:90,12,0,1
BRDA:90,12,1,0
BRDA:102,13,0,0
BRDA:102,13,1,0
BRDA:111,14,0,0
BRDA:111,14,1,2
BRF:28
BRH:8
end_of_record
TN:
SF:src\modules\display.js
FN:3,(anonymous_0)
FN:4,(anonymous_1)
FN:5,(anonymous_2)
FNF:3
FNH:3
FNDA:4,(anonymous_0)
FNDA:3,(anonymous_1)
FNDA:6,(anonymous_2)
DA:1,2
DA:2,2
DA:3,2
DA:4,4
DA:5,6
DA:6,3
DA:7,0
DA:20,2
LF:8
LH:7
BRDA:2,0,0,2
BRDA:2,0,1,2
BRDA:6,1,0,0
BRDA:6,1,1,3
BRDA:9,2,0,0
BRDA:9,2,1,0
BRF:6
BRH:3
end_of_record
