TN:
SF:src\modules\CRUD.js
FN:8,(anonymous_0)
FN:17,(anonymous_1)
FN:25,(anonymous_2)
FN:42,(anonymous_3)
FN:63,(anonymous_4)
FN:75,(anonymous_5)
FN:88,(anonymous_6)
FN:101,checkTodo
FN:102,(anonymous_8)
FN:113,(anonymous_9)
FN:114,(anonymous_10)
FNF:11
FNH:6
FNDA:0,(anonymous_0)
FNDA:0,(anonymous_1)
FNDA:3,(anonymous_2)
FNDA:0,(anonymous_3)
FNDA:2,(anonymous_4)
FNDA:1,(anonymous_5)
FNDA:1,(anonymous_6)
FNDA:2,checkTodo
FNDA:4,(anonymous_8)
FNDA:0,(anonymous_9)
FNDA:0,(anonymous_10)
DA:3,2
DA:4,2
DA:5,2
DA:7,2
DA:8,0
DA:9,0
DA:10,0
DA:11,0
DA:12,0
DA:16,2
DA:17,0
DA:18,0
DA:19,0
DA:20,0
DA:25,2
DA:26,3
DA:27,2
DA:29,1
DA:30,1
DA:41,2
DA:42,0
DA:43,0
DA:44,0
DA:45,0
DA:46,0
DA:49,0
DA:50,0
DA:52,0
DA:53,0
DA:54,0
DA:55,0
DA:56,0
DA:57,0
DA:58,0
DA:63,2
DA:64,2
DA:65,2
DA:66,0
DA:68,2
DA:69,2
DA:70,2
DA:71,2
DA:72,2
DA:73,2
DA:74,2
DA:75,2
DA:76,1
DA:77,1
DA:78,1
DA:79,1
DA:80,1
DA:81,1
DA:82,1
DA:83,1
DA:88,2
DA:89,1
DA:90,1
DA:91,1
DA:92,1
DA:94,1
DA:95,3
DA:97,1
DA:98,1
DA:102,2
DA:103,4
DA:104,2
DA:107,2
DA:108,2
DA:111,2
DA:112,2
DA:113,0
DA:114,0
DA:115,0
DA:116,0
DA:117,0
DA:118,0
DA:120,0
DA:121,0
LF:78
LH:46
BRDA:7,0,0,0
BRDA:7,0,1,2
BRDA:16,1,0,0
BRDA:16,1,1,2
BRDA:25,2,0,0
BRDA:25,3,0,0
BRDA:26,4,0,2
BRDA:26,4,1,1
BRDA:41,5,0,0
BRDA:41,5,1,2
BRDA:45,6,0,0
BRDA:45,6,1,0
BRDA:53,7,0,0
BRDA:53,7,1,0
BRDA:55,8,0,0
BRDA:55,8,1,0
BRDA:57,9,0,0
BRDA:57,9,1,0
BRDA:65,10,0,0
BRDA:65,10,1,2
BRDA:76,11,0,1
BRDA:76,11,1,0
BRDA:91,12,0,1
BRDA:91,12,1,0
BRDA:103,13,0,2
BRDA:103,13,1,2
BRDA:112,14,0,0
BRDA:112,14,1,2
BRF:28
BRH:11
end_of_record
TN:
SF:src\modules\display.js
FN:3,(anonymous_0)
FN:4,(anonymous_1)
FN:5,(anonymous_2)
FNF:3
FNH:3
FNDA:6,(anonymous_0)
FNDA:7,(anonymous_1)
FNDA:10,(anonymous_2)
DA:1,2
DA:2,2
DA:3,2
DA:4,6
DA:5,10
DA:6,7
DA:7,0
DA:20,2
LF:8
LH:7
BRDA:2,0,0,2
BRDA:2,0,1,2
BRDA:6,1,0,0
BRDA:6,1,1,7
BRDA:9,2,0,0
BRDA:9,2,1,0
BRF:6
BRH:3
end_of_record
